MP_resetVariables()
loadTexts()
addcolor(CLR_BLACK, 0, 0, 0, 255)
addcolor(CLR_MAGENTA, 255, 0, 143, 255)
addcolor(CLR_TRANSPARENT, 0, 0, 0, 0)
addcolor(CLR_GOLD, 255, 255, 0, 255)
addcolor(CLR_BLUE_1, 0, 211, 247, 255)
addcolor(CLR_BLUE_2, 0, 123, 219, 255)
addcolor(CLR_BLUE_3, 0, 55, 191, 255)
addcolor(CLR_RED, 111, 27, 15, 255)
addcolor(CLR_GRAY, 83, 87, 95, 255)
addcolor(CLR_GREEN, 32, 170, 73, 255)
addcolor(CLR_PLAYER_DEF00, 128, 0, 128, 255)
addcolor(CLR_PLAYER_DEF01, 255, 0, 255, 255)
addcolor(CLR_PLAYER_00, 144, 144, 144, 255)
addcolor(CLR_PLAYER_01, 177, 177, 177, 255)
addcolor(CLR_PLAYER_10, 55, 104, 97, 255)
addcolor(CLR_PLAYER_11, 104, 136, 187, 255)
addcolor(CLR_PLAYER_20, 31, 99, 36, 255)
addcolor(CLR_PLAYER_21, 35, 129, 47, 255)
addcolor(CLR_PLAYER_30, 118, 43, 26, 255)
addcolor(CLR_PLAYER_31, 212, 51, 24, 255)
addcolor(CLR_PLAYER_40, 165, 111, 23, 255)
addcolor(CLR_PLAYER_41, 247, 183, 40, 255)
addcolor(CLR_BAD, 237, 28, 36, 255)
addcolor(CLR_OKAY, 235, 160, 5, 255)
addcolor(CLR_GOOD, 0, 145, 0, 255)
addcolor(CLR_BUILDING, 63, 72, 204, 255)
addcolor(CLR_WINDOW_BACK, 31, 52, 39, 255)
addcolor(CLR_WINDOW_GREEN1, 102, 155, 87, 255)
addcolor(CLR_WINDOW_GREEN2, 81, 124, 69, 255)
addcolor(CLR_WINDOW_GREEN3, 60, 90, 50, 255)
addcolor(CLR_BTN_GREEN1, 71, 83, 47, 255)
addcolor(CLR_BTN_GREEN2, 6, 53, 15, 255)
addcolor(CLR_BTN_RED1, 171, 79, 67, 255)
addcolor(CLR_BTN_RED2, 91, 15, 7, 255)
addcolor(CLR_BTN_GRAY1, 107, 111, 123, 255)
addcolor(CLR_BTN_GRAY2, 51, 51, 59, 255)
addcolor(CLR_MOVEPOINTS, 63, 72, 204, 255)
addcolor(CLR_BTN_DISABLED, 62, 65, 70, 191)
addcolor(CLR_LBL_BACK_WND, 52, 88, 67, 255)
loadGraphicsByName(System.Collections.Hashtable, .\GFX\ICON\, ICON_*, True)
loadGraphicsByName(System.Collections.Hashtable, .\GFX\WORLD\, GROUND_*, True)
loadGraphicsByName(System.Collections.Hashtable, .\GFX\WORLD\, PLAYER_*, True)
loadGraphicsByName(System.Collections.Hashtable, .\GFX\WORLD\, LAYER_*, True)
loadGraphicsByName(System.Collections.Hashtable, .\GFX\WORLD\, OBJ_*, True)
loadGraphicsByName(System.Collections.Hashtable, .\GFX\BUILDING\, HUM_*, True)
loadGraphicsByName(System.Collections.Hashtable, .\GFX\FOW\, FOW_*, True)
loadSpriteSheet(System.Collections.Hashtable, .\GFX\FACES\FACES.png, FACE_, False)
loadGraphicsByName(System.Collections.Hashtable, .\GFX\WORLD\, GROUND_*, False)
loadGraphicsByName(System.Collections.Hashtable, .\GFX\WORLD\, LAYER_EDGE_*, True)
loadGraphicsByName(System.Collections.Hashtable, .\GFX\WORLD\, LAYER_PATH_*, True)
loadGraphicsByName(System.Collections.Hashtable, .\GFX\WORLD\, LAYER_RIVER_*, True)
loadGraphicsByName(System.Collections.Hashtable, .\GFX\WORLD\, OBJ_BUSH_*, True)
loadGraphicsByName(System.Collections.Hashtable, .\GFX\WORLD\, OBJ_MOUNTAIN_*, True)
loadGraphicsByName(System.Collections.Hashtable, .\GFX\WORLD\, OBJ_STONES_*, True)
loadGraphicsByName(System.Collections.Hashtable, .\GFX\WORLD\, OBJ_TREE_*, True)
loadGraphicsByName(System.Collections.Hashtable, .\GFX\WORLD\, OBJ_WHIRL_*, True)
loadGraphicsByName(System.Collections.Hashtable, .\GFX\WORLD\, OBJ_CHEST_*, True)
loadGraphicsByName(System.Collections.Hashtable, .\GFX\WORLD\, OBJ_GOLD_*, True)
loadGraphicsByName(System.Collections.Hashtable, .\GFX\WORLD\, OBJ_HARBOR_*, True)
loadGraphicsByName(System.Collections.Hashtable, .\GFX\WORLD\, OBJ_POND_*, True)
loadGraphicsByName(System.Collections.Hashtable, .\GFX\WORLD\, OBJ_RUINS_*, True)
loadGraphicsByName(System.Collections.Hashtable, .\GFX\WORLD\, OBJ_SHIP_*, True)
loadGraphicsByName(System.Collections.Hashtable, .\GFX\WORLD\, OBJ_SIGNPOST_*, True)
loadGraphicsByName(System.Collections.Hashtable, .\GFX\WORLD\, OBJ_CASTLE_*, True)
loadGraphicsByName(System.Collections.Hashtable, .\GFX\WORLD\, PLAYER_*, True)
TEXTURE existiert nicht
loadGraphicsByName(System.Collections.Hashtable, .\GFX\INTERFACE\, SELECTION_TILE_*, True)
loadFont()
Init game
loadConfig()
showWindow(WND_WAIT_INIT_CLICK_N)
buildWindow(160, 40, 160, 115, WND_WAIT_INIT_CLICK_N)
WND_AddNLabelToWindow: Creating label control for window 'WND_WAIT_INIT_CLICK_N'!
playSFX(SND_TURN_SELF)
BTN_setPreClickedButton(182, 423)
BTN_setPreClickedButton: No buttons
showWindow(WND_ESC_MAIN_N)
buildWindow(160, 200, 160, 35, WND_ESC_MAIN_N)
addNButtonToWindow: Creating button control for window 'WND_ESC_MAIN_N'!
addNButtonToWindow: New button for window 'WND_ESC_MAIN_N'!
addNButtonToWindow: New button for window 'WND_ESC_MAIN_N'!
addNButtonToWindow: New button for window 'WND_ESC_MAIN_N'!
addNButtonToWindow: New button for window 'WND_ESC_MAIN_N'!
addNButtonToWindow: New button for window 'WND_ESC_MAIN_N'!
WND_AddNLabelToWindow: Creating label control for window 'WND_ESC_MAIN_N'!
addNButtonToWindow: New button for window 'WND_ESC_MAIN_N'!
handleNClickWindow(57.2477064220183, 133.05373525557, )
handleNClickWindow: Outside X?
Unhandled keypress, code 'Z'
### Current Building Count ###
1 (+  0 ) ->  HUM_HQ
0 (+  0 ) ->  HUM_HOUSE_SMALL
0 (+  0 ) ->  HUM_HOUSE_MEDIUM
0 (+  0 ) ->  HUM_HOUSE_LARGE
0 (+  0 ) ->  HUM_FARM
0 (+  0 ) ->  HUM_FIELD
0 (+  0 ) ->  HUM_MINE
0 (+  0 ) ->  HUM_SAWMILL
0 (+  0 ) ->  HUM_BARRACKS
0 (+  0 ) ->  HUM_TOWER
##############################
Simulation b= 0 :
    Done : 1
    Sites: 0
    Sum  : 1

Required: 
    H: 1
    F: 1
    M: 3
    S: 3
    B: 1
  Sum: 9

Percent: 
    H: 0.111111111111111
    F: 0.111111111111111
    M: 0.333333333333333
    S: 0.333333333333333
    B: 0.111111111111111
Result: 7
### Current Building Count ###
1 (+  0 ) ->  HUM_HQ
0 (+  0 ) ->  HUM_HOUSE_SMALL
0 (+  0 ) ->  HUM_HOUSE_MEDIUM
0 (+  0 ) ->  HUM_HOUSE_LARGE
0 (+  0 ) ->  HUM_FARM
0 (+  0 ) ->  HUM_FIELD
0 (+  0 ) ->  HUM_MINE
1 (+  0 ) ->  HUM_SAWMILL
0 (+  0 ) ->  HUM_BARRACKS
0 (+  0 ) ->  HUM_TOWER
##############################
Simulation b= 1 :
    Done : 2
    Sites: 0
    Sum  : 2

Required: 
    H: 1
    F: 1
    M: 3
    S: 3
    B: 1
  Sum: 9

Percent: 
    H: 0.111111111111111
    F: 0.111111111111111
    M: 0.333333333333333
    S: 0.222222222222222
    B: 0.111111111111111
Result: 6
### Current Building Count ###
1 (+  0 ) ->  HUM_HQ
0 (+  0 ) ->  HUM_HOUSE_SMALL
0 (+  0 ) ->  HUM_HOUSE_MEDIUM
0 (+  0 ) ->  HUM_HOUSE_LARGE
0 (+  0 ) ->  HUM_FARM
0 (+  0 ) ->  HUM_FIELD
1 (+  0 ) ->  HUM_MINE
1 (+  0 ) ->  HUM_SAWMILL
0 (+  0 ) ->  HUM_BARRACKS
0 (+  0 ) ->  HUM_TOWER
##############################
Simulation b= 2 :
    Done : 3
    Sites: 0
    Sum  : 3

Required: 
    H: 1
    F: 1
    M: 3
    S: 3
    B: 1
  Sum: 9

Percent: 
    H: 0.111111111111111
    F: 0.111111111111111
    M: 0.222222222222222
    S: 0.222222222222222
    B: 0.111111111111111
Result: 7
### Current Building Count ###
1 (+  0 ) ->  HUM_HQ
0 (+  0 ) ->  HUM_HOUSE_SMALL
0 (+  0 ) ->  HUM_HOUSE_MEDIUM
0 (+  0 ) ->  HUM_HOUSE_LARGE
0 (+  0 ) ->  HUM_FARM
0 (+  0 ) ->  HUM_FIELD
1 (+  0 ) ->  HUM_MINE
2 (+  0 ) ->  HUM_SAWMILL
0 (+  0 ) ->  HUM_BARRACKS
0 (+  0 ) ->  HUM_TOWER
##############################
Simulation b= 3 :
    Done : 4
    Sites: 0
    Sum  : 4

Required: 
    H: 1
    F: 1
    M: 3
    S: 3
    B: 1
  Sum: 9

Percent: 
    H: 0.111111111111111
    F: 0.111111111111111
    M: 0.222222222222222
    S: 0.111111111111111
    B: 0.111111111111111
Result: 6
### Current Building Count ###
1 (+  0 ) ->  HUM_HQ
0 (+  0 ) ->  HUM_HOUSE_SMALL
0 (+  0 ) ->  HUM_HOUSE_MEDIUM
0 (+  0 ) ->  HUM_HOUSE_LARGE
0 (+  0 ) ->  HUM_FARM
0 (+  0 ) ->  HUM_FIELD
2 (+  0 ) ->  HUM_MINE
2 (+  0 ) ->  HUM_SAWMILL
0 (+  0 ) ->  HUM_BARRACKS
0 (+  0 ) ->  HUM_TOWER
##############################
Simulation b= 4 :
    Done : 5
    Sites: 0
    Sum  : 5

Required: 
    H: 1
    F: 1
    M: 3
    S: 3
    B: 1
  Sum: 9

Percent: 
    H: 0.1111111111111111111111111111
    F: 0.1111111111111111111111111111
    M: 0.1111111111111111111111111111
    S: 0.1111111111111111111111111111
    B: 0.1111111111111111111111111111
Result: 8
### Current Building Count ###
1 (+  0 ) ->  HUM_HQ
0 (+  0 ) ->  HUM_HOUSE_SMALL
0 (+  0 ) ->  HUM_HOUSE_MEDIUM
0 (+  0 ) ->  HUM_HOUSE_LARGE
0 (+  0 ) ->  HUM_FARM
0 (+  0 ) ->  HUM_FIELD
2 (+  0 ) ->  HUM_MINE
2 (+  0 ) ->  HUM_SAWMILL
1 (+  0 ) ->  HUM_BARRACKS
0 (+  0 ) ->  HUM_TOWER
##############################
Simulation b= 5 :
    Done : 6
    Sites: 0
    Sum  : 6

Required: 
    H: 2
    F: 1
    M: 4
    S: 4
    B: 1
  Sum: 12

Percent: 
    H: 0.166666666666667
    F: 0.0833333333333333
    M: 0.166666666666667
    S: 0.166666666666667
    B: 0
Result: 7
### Current Building Count ###
1 (+  0 ) ->  HUM_HQ
0 (+  0 ) ->  HUM_HOUSE_SMALL
0 (+  0 ) ->  HUM_HOUSE_MEDIUM
0 (+  0 ) ->  HUM_HOUSE_LARGE
0 (+  0 ) ->  HUM_FARM
0 (+  0 ) ->  HUM_FIELD
2 (+  0 ) ->  HUM_MINE
3 (+  0 ) ->  HUM_SAWMILL
1 (+  0 ) ->  HUM_BARRACKS
0 (+  0 ) ->  HUM_TOWER
##############################
Simulation b= 6 :
    Done : 7
    Sites: 0
    Sum  : 7

Required: 
    H: 2
    F: 1
    M: 4
    S: 4
    B: 1
  Sum: 12

Percent: 
    H: 0.166666666666667
    F: 0.0833333333333333
    M: 0.166666666666667
    S: 0.0833333333333333
    B: 0
Result: 6
### Current Building Count ###
1 (+  0 ) ->  HUM_HQ
0 (+  0 ) ->  HUM_HOUSE_SMALL
0 (+  0 ) ->  HUM_HOUSE_MEDIUM
0 (+  0 ) ->  HUM_HOUSE_LARGE
0 (+  0 ) ->  HUM_FARM
0 (+  0 ) ->  HUM_FIELD
3 (+  0 ) ->  HUM_MINE
3 (+  0 ) ->  HUM_SAWMILL
1 (+  0 ) ->  HUM_BARRACKS
0 (+  0 ) ->  HUM_TOWER
##############################
Simulation b= 7 :
    Done : 8
    Sites: 0
    Sum  : 8

Required: 
    H: 2
    F: 1
    M: 4
    S: 4
    B: 1
  Sum: 12

Percent: 
    H: 0.1666666666666666666666666667
    F: 0.0833333333333333333333333333
    M: 0.0833333333333333333333333333
    S: 0.0833333333333333333333333333
    B: 0
Result: 2
### Current Building Count ###
1 (+  0 ) ->  HUM_HQ
0 (+  0 ) ->  HUM_HOUSE_SMALL
1 (+  0 ) ->  HUM_HOUSE_MEDIUM
0 (+  0 ) ->  HUM_HOUSE_LARGE
0 (+  0 ) ->  HUM_FARM
0 (+  0 ) ->  HUM_FIELD
3 (+  0 ) ->  HUM_MINE
3 (+  0 ) ->  HUM_SAWMILL
1 (+  0 ) ->  HUM_BARRACKS
0 (+  0 ) ->  HUM_TOWER
##############################
Simulation b= 8 :
    Done : 9
    Sites: 0
    Sum  : 9

Required: 
    H: 2
    F: 2
    M: 4
    S: 4
    B: 1
  Sum: 13

Percent: 
    H: 0.0769230769230769
    F: 0.153846153846154
    M: 0.0769230769230769
    S: 0.0769230769230769
    B: 0
Result: 4
### Current Building Count ###
1 (+  0 ) ->  HUM_HQ
0 (+  0 ) ->  HUM_HOUSE_SMALL
1 (+  0 ) ->  HUM_HOUSE_MEDIUM
0 (+  0 ) ->  HUM_HOUSE_LARGE
1 (+  0 ) ->  HUM_FARM
0 (+  0 ) ->  HUM_FIELD
3 (+  0 ) ->  HUM_MINE
3 (+  0 ) ->  HUM_SAWMILL
1 (+  0 ) ->  HUM_BARRACKS
0 (+  0 ) ->  HUM_TOWER
##############################
Simulation b= 9 :
    Done : 10
    Sites: 0
    Sum  : 10

Required: 
    H: 2
    F: 2
    M: 4
    S: 4
    B: 1
  Sum: 13

Percent: 
    H: 0.0769230769230769230769230769
    F: 0.0769230769230769230769230769
    M: 0.0769230769230769230769230769
    S: 0.0769230769230769230769230769
    B: 0
Result: 7
### Current Building Count ###
1 (+  0 ) ->  HUM_HQ
0 (+  0 ) ->  HUM_HOUSE_SMALL
1 (+  0 ) ->  HUM_HOUSE_MEDIUM
0 (+  0 ) ->  HUM_HOUSE_LARGE
1 (+  0 ) ->  HUM_FARM
0 (+  0 ) ->  HUM_FIELD
3 (+  0 ) ->  HUM_MINE
4 (+  0 ) ->  HUM_SAWMILL
1 (+  0 ) ->  HUM_BARRACKS
0 (+  0 ) ->  HUM_TOWER
##############################
Simulation b= 10 :
    Done : 11
    Sites: 0
    Sum  : 11

Required: 
    H: 3
    F: 2
    M: 5
    S: 5
    B: 1
  Sum: 16

Percent: 
    H: 0.125
    F: 0.0625
    M: 0.125
    S: 0.0625
    B: 0
Result: 6
### Current Building Count ###
1 (+  0 ) ->  HUM_HQ
0 (+  0 ) ->  HUM_HOUSE_SMALL
1 (+  0 ) ->  HUM_HOUSE_MEDIUM
0 (+  0 ) ->  HUM_HOUSE_LARGE
1 (+  0 ) ->  HUM_FARM
0 (+  0 ) ->  HUM_FIELD
4 (+  0 ) ->  HUM_MINE
4 (+  0 ) ->  HUM_SAWMILL
1 (+  0 ) ->  HUM_BARRACKS
0 (+  0 ) ->  HUM_TOWER
##############################
Simulation b= 11 :
    Done : 12
    Sites: 0
    Sum  : 12

Required: 
    H: 3
    F: 2
    M: 5
    S: 5
    B: 1
  Sum: 16

Percent: 
    H: 0.125
    F: 0.0625
    M: 0.0625
    S: 0.0625
    B: 0
Result: 2
### Current Building Count ###
1 (+  0 ) ->  HUM_HQ
0 (+  0 ) ->  HUM_HOUSE_SMALL
2 (+  0 ) ->  HUM_HOUSE_MEDIUM
0 (+  0 ) ->  HUM_HOUSE_LARGE
1 (+  0 ) ->  HUM_FARM
0 (+  0 ) ->  HUM_FIELD
4 (+  0 ) ->  HUM_MINE
4 (+  0 ) ->  HUM_SAWMILL
1 (+  0 ) ->  HUM_BARRACKS
0 (+  0 ) ->  HUM_TOWER
##############################
Simulation b= 12 :
    Done : 13
    Sites: 0
    Sum  : 13

Required: 
    H: 3
    F: 2
    M: 5
    S: 5
    B: 1
  Sum: 16

Percent: 
    H: 0.0625
    F: 0.0625
    M: 0.0625
    S: 0.0625
    B: 0
Result: 7
### Current Building Count ###
1 (+  0 ) ->  HUM_HQ
0 (+  0 ) ->  HUM_HOUSE_SMALL
2 (+  0 ) ->  HUM_HOUSE_MEDIUM
0 (+  0 ) ->  HUM_HOUSE_LARGE
1 (+  0 ) ->  HUM_FARM
0 (+  0 ) ->  HUM_FIELD
4 (+  0 ) ->  HUM_MINE
5 (+  0 ) ->  HUM_SAWMILL
1 (+  0 ) ->  HUM_BARRACKS
0 (+  0 ) ->  HUM_TOWER
##############################
Simulation b= 13 :
    Done : 14
    Sites: 0
    Sum  : 14

Required: 
    H: 3
    F: 2
    M: 5
    S: 5
    B: 1
  Sum: 16

Percent: 
    H: 0.0625
    F: 0.0625
    M: 0.0625
    S: 0
    B: 0
Result: 6
### Current Building Count ###
1 (+  0 ) ->  HUM_HQ
0 (+  0 ) ->  HUM_HOUSE_SMALL
2 (+  0 ) ->  HUM_HOUSE_MEDIUM
0 (+  0 ) ->  HUM_HOUSE_LARGE
1 (+  0 ) ->  HUM_FARM
0 (+  0 ) ->  HUM_FIELD
5 (+  0 ) ->  HUM_MINE
5 (+  0 ) ->  HUM_SAWMILL
1 (+  0 ) ->  HUM_BARRACKS
0 (+  0 ) ->  HUM_TOWER
##############################
Simulation b= 14 :
    Done : 15
    Sites: 0
    Sum  : 15

Required: 
    H: 3
    F: 2
    M: 5
    S: 5
    B: 1
  Sum: 16

Percent: 
    H: 0.0625
    F: 0.0625
    M: 0
    S: 0
    B: 0
Result: 4
### Current Building Count ###
1 (+  0 ) ->  HUM_HQ
0 (+  0 ) ->  HUM_HOUSE_SMALL
2 (+  0 ) ->  HUM_HOUSE_MEDIUM
0 (+  0 ) ->  HUM_HOUSE_LARGE
2 (+  0 ) ->  HUM_FARM
0 (+  0 ) ->  HUM_FIELD
5 (+  0 ) ->  HUM_MINE
5 (+  0 ) ->  HUM_SAWMILL
1 (+  0 ) ->  HUM_BARRACKS
0 (+  0 ) ->  HUM_TOWER
##############################
Simulation b= 15 :
    Done : 16
    Sites: 0
    Sum  : 16

Required: 
    H: 4
    F: 2
    M: 6
    S: 6
    B: 1
  Sum: 19

Percent: 
    H: 0.1052631578947368421052631579
    F: 0
    M: 0.0526315789473684210526315789
    S: 0.0526315789473684210526315789
    B: 0
Result: 2
### Current Building Count ###
1 (+  0 ) ->  HUM_HQ
0 (+  0 ) ->  HUM_HOUSE_SMALL
3 (+  0 ) ->  HUM_HOUSE_MEDIUM
0 (+  0 ) ->  HUM_HOUSE_LARGE
2 (+  0 ) ->  HUM_FARM
0 (+  0 ) ->  HUM_FIELD
5 (+  0 ) ->  HUM_MINE
5 (+  0 ) ->  HUM_SAWMILL
1 (+  0 ) ->  HUM_BARRACKS
0 (+  0 ) ->  HUM_TOWER
##############################
Simulation b= 16 :
    Done : 17
    Sites: 0
    Sum  : 17

Required: 
    H: 4
    F: 3
    M: 6
    S: 6
    B: 1
  Sum: 20

Percent: 
    H: 0.05
    F: 0.05
    M: 0.05
    S: 0.05
    B: 0
Result: 7
### Current Building Count ###
1 (+  0 ) ->  HUM_HQ
0 (+  0 ) ->  HUM_HOUSE_SMALL
3 (+  0 ) ->  HUM_HOUSE_MEDIUM
0 (+  0 ) ->  HUM_HOUSE_LARGE
2 (+  0 ) ->  HUM_FARM
0 (+  0 ) ->  HUM_FIELD
5 (+  0 ) ->  HUM_MINE
6 (+  0 ) ->  HUM_SAWMILL
1 (+  0 ) ->  HUM_BARRACKS
0 (+  0 ) ->  HUM_TOWER
##############################
Simulation b= 17 :
    Done : 18
    Sites: 0
    Sum  : 18

Required: 
    H: 4
    F: 3
    M: 6
    S: 6
    B: 1
  Sum: 20

Percent: 
    H: 0.05
    F: 0.05
    M: 0.05
    S: 0
    B: 0
Result: 6
### Current Building Count ###
1 (+  0 ) ->  HUM_HQ
0 (+  0 ) ->  HUM_HOUSE_SMALL
3 (+  0 ) ->  HUM_HOUSE_MEDIUM
0 (+  0 ) ->  HUM_HOUSE_LARGE
2 (+  0 ) ->  HUM_FARM
0 (+  0 ) ->  HUM_FIELD
6 (+  0 ) ->  HUM_MINE
6 (+  0 ) ->  HUM_SAWMILL
1 (+  0 ) ->  HUM_BARRACKS
0 (+  0 ) ->  HUM_TOWER
##############################
Simulation b= 18 :
    Done : 19
    Sites: 0
    Sum  : 19

Required: 
    H: 4
    F: 3
    M: 6
    S: 6
    B: 1
  Sum: 20

Percent: 
    H: 0.05
    F: 0.05
    M: 0
    S: 0
    B: 0
Result: 4
### Current Building Count ###
1 (+  0 ) ->  HUM_HQ
0 (+  0 ) ->  HUM_HOUSE_SMALL
3 (+  0 ) ->  HUM_HOUSE_MEDIUM
0 (+  0 ) ->  HUM_HOUSE_LARGE
3 (+  0 ) ->  HUM_FARM
0 (+  0 ) ->  HUM_FIELD
6 (+  0 ) ->  HUM_MINE
6 (+  0 ) ->  HUM_SAWMILL
1 (+  0 ) ->  HUM_BARRACKS
0 (+  0 ) ->  HUM_TOWER
##############################
Simulation b= 19 :
    Done : 20
    Sites: 0
    Sum  : 20

Required: 
    H: 4
    F: 3
    M: 6
    S: 6
    B: 1
  Sum: 20

Percent: 
    H: 0.05
    F: 0
    M: 0
    S: 0
    B: 0
Result: 2
### Current Building Count ###
1 (+  0 ) ->  HUM_HQ
0 (+  0 ) ->  HUM_HOUSE_SMALL
4 (+  0 ) ->  HUM_HOUSE_MEDIUM
0 (+  0 ) ->  HUM_HOUSE_LARGE
3 (+  0 ) ->  HUM_FARM
0 (+  0 ) ->  HUM_FIELD
6 (+  0 ) ->  HUM_MINE
6 (+  0 ) ->  HUM_SAWMILL
1 (+  0 ) ->  HUM_BARRACKS
0 (+  0 ) ->  HUM_TOWER
##############################
SERVER_stopServer
CLIENT_stopClient
